#
# There is insufficient memory for the Java Runtime Environment to continue.
# Native memory allocation (malloc) failed to allocate 1047616 bytes. Error detail: Chunk::new
# Possible reasons:
#   The system is out of physical RAM or swap space
#   This process is running with CompressedOops enabled, and the Java Heap may be blocking the growth of the native heap
# Possible solutions:
#   Reduce memory load on the system
#   Increase physical memory or swap space
#   Check if swap backing store is full
#   Decrease Java heap size (-Xmx/-Xms)
#   Decrease number of Java threads
#   Decrease Java thread stack sizes (-Xss)
#   Set larger code cache with -XX:ReservedCodeCacheSize=
#   JVM is running with Unscaled Compressed Oops mode in which the Java heap is
#     placed in the first 4GB address space. The Java Heap base address is the
#     maximum limit for the native heap growth. Please use -XX:HeapBaseMinAddress
#     to set the Java Heap base and to place the Java Heap above 4GB virtual address.
# This output file may be truncated or incomplete.
#
#  Out of Memory Error (arena.cpp:168), pid=9040, tid=24164
#
# JRE version: OpenJDK Runtime Environment Temurin-21.0.8+9 (21.0.8+9) (build 21.0.8+9-LTS)
# Java VM: OpenJDK 64-Bit Server VM Temurin-21.0.8+9 (21.0.8+9-LTS, mixed mode, sharing, tiered, compressed oops, compressed class ptrs, parallel gc, windows-amd64)
# No core dump will be written. Minidumps are not enabled by default on client versions of Windows
#

---------------  S U M M A R Y ------------

Command Line: --add-modules=ALL-SYSTEM --add-opens=java.base/java.util=ALL-UNNAMED --add-opens=java.base/java.lang=ALL-UNNAMED --add-opens=java.base/sun.nio.fs=ALL-UNNAMED -Declipse.application=org.eclipse.jdt.ls.core.id1 -Dosgi.bundles.defaultStartLevel=4 -Declipse.product=org.eclipse.jdt.ls.core.product -Djava.import.generatesMetadataFilesAtProjectRoot=false -DDetectVMInstallationsJob.disabled=true -Dfile.encoding=utf8 -XX:+UseParallelGC -XX:GCTimeRatio=4 -XX:AdaptiveSizePolicyWeight=90 -Dsun.zip.disableMemoryMapping=true -Xmx2G -Xms100m -Xlog:disable -javaagent:c:\Users\computer\.vscode\extensions\redhat.java-1.44.0-win32-x64\lombok\lombok-1.18.39-4050.jar -XX:+HeapDumpOnOutOfMemoryError -XX:HeapDumpPath=c:\Users\computer\AppData\Roaming\Code\User\workspaceStorage\31e75b9e378fb8a6c1884b0d7f92490a\redhat.java -Daether.dependencyCollector.impl=bf c:\Users\computer\.vscode\extensions\redhat.java-1.44.0-win32-x64\server\plugins\org.eclipse.equinox.launcher_1.7.0.v20250519-0528.jar -configuration c:\Users\computer\AppData\Roaming\Code\User\globalStorage\redhat.java\1.44.0\config_win -data c:\Users\computer\AppData\Roaming\Code\User\workspaceStorage\31e75b9e378fb8a6c1884b0d7f92490a\redhat.java\jdt_ws --pipe=\\.\pipe\lsp-d14b3c53ea9ed56db9b96de62c586be5-sock

Host: 11th Gen Intel(R) Core(TM) i7-1165G7 @ 2.80GHz, 8 cores, 15G,  Windows 11 , 64 bit Build 26100 (10.0.26100.4768)
Time: Sun Aug  3 15:35:55 2025 SE Asia Standard Time elapsed time: 15.609712 seconds (0d 0h 0m 15s)

---------------  T H R E A D  ---------------

Current thread (0x00000175041ebc30):  JavaThread "C2 CompilerThread1" daemon [_thread_in_native, id=24164, stack(0x00000015dd900000,0x00000015dda00000) (1024K)]


Current CompileTask:
C2:15609 5152   !   4       org.eclipse.osgi.internal.loader.classpath.ClasspathManager::defineClass (636 bytes)

Stack: [0x00000015dd900000,0x00000015dda00000]
Native frames: (J=compiled Java code, j=interpreted, Vv=VM code, C=native code)
V  [jvm.dll+0x6d2449]
V  [jvm.dll+0x8ae341]
V  [jvm.dll+0x8b08be]
V  [jvm.dll+0x8b0fa3]
V  [jvm.dll+0x280c96]
V  [jvm.dll+0xc581d]
V  [jvm.dll+0xc5d53]
V  [jvm.dll+0x2f539d]
V  [jvm.dll+0x5fa00a]
V  [jvm.dll+0x252092]
V  [jvm.dll+0x25244f]
V  [jvm.dll+0x24ad14]
V  [jvm.dll+0x2483a4]
V  [jvm.dll+0x1c89ee]
V  [jvm.dll+0x257d4d]
V  [jvm.dll+0x2562ea]
V  [jvm.dll+0x3f2d16]
V  [jvm.dll+0x857e6b]
V  [jvm.dll+0x6d0b0d]
C  [ucrtbase.dll+0x37b0]
C  [KERNEL32.DLL+0x2e8d7]
C  [ntdll.dll+0x3c34c]


---------------  P R O C E S S  ---------------

Threads class SMR info:
_java_thread_list=0x0000017506caf980, length=41, elements={
0x000001752616e6b0, 0x000001753c929f80, 0x000001753c92bc40, 0x000001753c92e210,
0x000001753c932c80, 0x000001753c933f10, 0x000001753c934960, 0x000001753c937fe0,
0x000001753c9546f0, 0x00000175261db680, 0x000001757f5e5c70, 0x000001757f8f0900,
0x0000017504158730, 0x00000175042e7670, 0x00000175042e8c90, 0x000001757fea46b0,
0x0000017504213e10, 0x000001757f5d2560, 0x000001757f7e4d70, 0x000001757f7e46e0,
0x000001757f7e5400, 0x000001757f7e2ca0, 0x00000175041ebc30, 0x000001757f7e39c0,
0x000001757f7e4050, 0x0000017505754730, 0x000001757f7e5a90, 0x000001757f7e6120,
0x000001757f7e3330, 0x0000017505803fb0, 0x0000017505802570, 0x0000017505805360,
0x0000017505803920, 0x0000017505801ee0, 0x0000017505804640, 0x0000017505804cd0,
0x00000175058059f0, 0x0000017505806080, 0x0000017505802c00, 0x0000017505806710,
0x0000017505803290
}

Java Threads: ( => current thread )
  0x000001752616e6b0 JavaThread "main"                              [_thread_blocked, id=16216, stack(0x00000015dcc00000,0x00000015dcd00000) (1024K)]
  0x000001753c929f80 JavaThread "Reference Handler"          daemon [_thread_blocked, id=13716, stack(0x00000015dd000000,0x00000015dd100000) (1024K)]
  0x000001753c92bc40 JavaThread "Finalizer"                  daemon [_thread_blocked, id=18232, stack(0x00000015dd100000,0x00000015dd200000) (1024K)]
  0x000001753c92e210 JavaThread "Signal Dispatcher"          daemon [_thread_blocked, id=13620, stack(0x00000015dd200000,0x00000015dd300000) (1024K)]
  0x000001753c932c80 JavaThread "Attach Listener"            daemon [_thread_blocked, id=25576, stack(0x00000015dd300000,0x00000015dd400000) (1024K)]
  0x000001753c933f10 JavaThread "Service Thread"             daemon [_thread_blocked, id=17828, stack(0x00000015dd400000,0x00000015dd500000) (1024K)]
  0x000001753c934960 JavaThread "Monitor Deflation Thread"   daemon [_thread_blocked, id=14076, stack(0x00000015dd500000,0x00000015dd600000) (1024K)]
  0x000001753c937fe0 JavaThread "C2 CompilerThread0"         daemon [_thread_blocked, id=20352, stack(0x00000015dd600000,0x00000015dd700000) (1024K)]
  0x000001753c9546f0 JavaThread "C1 CompilerThread0"         daemon [_thread_blocked, id=21520, stack(0x00000015dd700000,0x00000015dd800000) (1024K)]
  0x00000175261db680 JavaThread "Common-Cleaner"             daemon [_thread_blocked, id=25988, stack(0x00000015dd800000,0x00000015dd900000) (1024K)]
  0x000001757f5e5c70 JavaThread "Notification Thread"        daemon [_thread_blocked, id=4344, stack(0x00000015dda00000,0x00000015ddb00000) (1024K)]
  0x000001757f8f0900 JavaThread "Active Thread: Equinox Container: 17a6e123-0592-4c69-84af-ea1af61a385c"        [_thread_blocked, id=7756, stack(0x00000015de200000,0x00000015de300000) (1024K)]
  0x0000017504158730 JavaThread "Refresh Thread: Equinox Container: 17a6e123-0592-4c69-84af-ea1af61a385c" daemon [_thread_blocked, id=17340, stack(0x00000015de400000,0x00000015de500000) (1024K)]
  0x00000175042e7670 JavaThread "Framework Event Dispatcher: Equinox Container: 17a6e123-0592-4c69-84af-ea1af61a385c" daemon [_thread_blocked, id=22724, stack(0x00000015de500000,0x00000015de600000) (1024K)]
  0x00000175042e8c90 JavaThread "Start Level: Equinox Container: 17a6e123-0592-4c69-84af-ea1af61a385c" daemon [_thread_blocked, id=26008, stack(0x00000015de600000,0x00000015de700000) (1024K)]
  0x000001757fea46b0 JavaThread "Bundle File Closer"         daemon [_thread_blocked, id=1944, stack(0x00000015ddb00000,0x00000015ddc00000) (1024K)]
  0x0000017504213e10 JavaThread "SCR Component Actor"        daemon [_thread_blocked, id=10876, stack(0x00000015de700000,0x00000015de800000) (1024K)]
  0x000001757f5d2560 JavaThread "SCR Component Registry"     daemon [_thread_blocked, id=18108, stack(0x00000015de800000,0x00000015de900000) (1024K)]
  0x000001757f7e4d70 JavaThread "Worker-JM"                         [_thread_blocked, id=22544, stack(0x00000015de900000,0x00000015dea00000) (1024K)]
  0x000001757f7e46e0 JavaThread "JNA Cleaner"                daemon [_thread_blocked, id=25416, stack(0x00000015dea00000,0x00000015deb00000) (1024K)]
  0x000001757f7e5400 JavaThread "Worker-0: Repository registry initialization"        [_thread_blocked, id=11204, stack(0x00000015deb00000,0x00000015dec00000) (1024K)]
  0x000001757f7e2ca0 JavaThread "Worker-1: Updating Maven Dependencies"        [_thread_in_Java, id=15024, stack(0x00000015dec00000,0x00000015ded00000) (1024K)]
=>0x00000175041ebc30 JavaThread "C2 CompilerThread1"         daemon [_thread_in_native, id=24164, stack(0x00000015dd900000,0x00000015dda00000) (1024K)]
  0x000001757f7e39c0 JavaThread "Java indexing"              daemon [_thread_blocked, id=22320, stack(0x00000015ded00000,0x00000015dee00000) (1024K)]
  0x000001757f7e4050 JavaThread "Worker-2: Initialize After Load"        [_thread_blocked, id=2140, stack(0x00000015dee00000,0x00000015def00000) (1024K)]
  0x0000017505754730 JavaThread "C2 CompilerThread2"         daemon [_thread_in_native, id=19916, stack(0x00000015def00000,0x00000015df000000) (1024K)]
  0x000001757f7e5a90 JavaThread "Worker-3"                          [_thread_blocked, id=2820, stack(0x00000015df000000,0x00000015df100000) (1024K)]
  0x000001757f7e6120 JavaThread "Worker-4"                          [_thread_blocked, id=24600, stack(0x00000015df300000,0x00000015df400000) (1024K)]
  0x000001757f7e3330 JavaThread "Worker-5"                          [_thread_blocked, id=25324, stack(0x00000015df400000,0x00000015df500000) (1024K)]
  0x0000017505803fb0 JavaThread "Thread-2"                   daemon [_thread_in_native, id=26580, stack(0x00000015df500000,0x00000015df600000) (1024K)]
  0x0000017505802570 JavaThread "Thread-3"                   daemon [_thread_in_native, id=22304, stack(0x00000015df600000,0x00000015df700000) (1024K)]
  0x0000017505805360 JavaThread "Thread-4"                   daemon [_thread_in_native, id=5308, stack(0x00000015df700000,0x00000015df800000) (1024K)]
  0x0000017505803920 JavaThread "Thread-5"                   daemon [_thread_in_native, id=2324, stack(0x00000015df800000,0x00000015df900000) (1024K)]
  0x0000017505801ee0 JavaThread "Thread-6"                   daemon [_thread_in_native, id=15892, stack(0x00000015df900000,0x00000015dfa00000) (1024K)]
  0x0000017505804640 JavaThread "Thread-7"                   daemon [_thread_in_native, id=4556, stack(0x00000015dfa00000,0x00000015dfb00000) (1024K)]
  0x0000017505804cd0 JavaThread "Thread-8"                   daemon [_thread_in_native, id=19504, stack(0x00000015dfb00000,0x00000015dfc00000) (1024K)]
  0x00000175058059f0 JavaThread "Thread-9"                   daemon [_thread_in_native, id=23392, stack(0x00000015dfc00000,0x00000015dfd00000) (1024K)]
  0x0000017505806080 JavaThread "Thread-10"                  daemon [_thread_in_native, id=16492, stack(0x00000015dfd00000,0x00000015dfe00000) (1024K)]
  0x0000017505802c00 JavaThread "pool-2-thread-1"                   [_thread_blocked, id=24248, stack(0x00000015dfe00000,0x00000015dff00000) (1024K)]
  0x0000017505806710 JavaThread "WorkspaceEventsHandler"            [_thread_blocked, id=14676, stack(0x00000015dff00000,0x00000015e0000000) (1024K)]
  0x0000017505803290 JavaThread "pool-1-thread-1"                   [_thread_blocked, id=23176, stack(0x00000015e0000000,0x00000015e0100000) (1024K)]
Total: 41

Other Threads:
  0x0000017523bb3bf0 VMThread "VM Thread"                           [id=17656, stack(0x00000015dcf00000,0x00000015dd000000) (1024K)]
  0x00000175261da1d0 WatcherThread "VM Periodic Task Thread"        [id=22220, stack(0x00000015dce00000,0x00000015dcf00000) (1024K)]
  0x0000017523bb4a70 WorkerThread "GC Thread#0"                     [id=10388, stack(0x00000015dcd00000,0x00000015dce00000) (1024K)]
  0x0000017523bb51b0 WorkerThread "GC Thread#1"                     [id=22416, stack(0x00000015ddc00000,0x00000015ddd00000) (1024K)]
  0x0000017523bb4330 WorkerThread "GC Thread#2"                     [id=19964, stack(0x00000015ddd00000,0x00000015dde00000) (1024K)]
  0x0000017523bb4e10 WorkerThread "GC Thread#3"                     [id=19376, stack(0x00000015dde00000,0x00000015ddf00000) (1024K)]
  0x000001757f873780 WorkerThread "GC Thread#4"                     [id=14752, stack(0x00000015ddf00000,0x00000015de000000) (1024K)]
  0x000001757f873b20 WorkerThread "GC Thread#5"                     [id=8572, stack(0x00000015de000000,0x00000015de100000) (1024K)]
  0x000001757f871e20 WorkerThread "GC Thread#6"                     [id=15000, stack(0x00000015de100000,0x00000015de200000) (1024K)]
  0x000001757f8749a0 WorkerThread "GC Thread#7"                     [id=17764, stack(0x00000015de300000,0x00000015de400000) (1024K)]
Total: 10

Threads with active compile tasks:
C2 CompilerThread1  15639 5152   !   4       org.eclipse.osgi.internal.loader.classpath.ClasspathManager::defineClass (636 bytes)
C2 CompilerThread2  15639 5127   !   4       org.eclipse.osgi.internal.loader.BundleLoader::findClass0 (491 bytes)
Total: 2

VM state: not at safepoint (normal execution)

VM Mutex/Monitor currently owned by a thread: None

Heap address: 0x0000000080000000, size: 2048 MB, Compressed Oops mode: 32-bit

CDS archive(s) mapped at: [0x000001753d000000-0x000001753dba0000-0x000001753dba0000), size 12189696, SharedBaseAddress: 0x000001753d000000, ArchiveRelocationMode: 1.
Compressed class space mapped at: 0x000001753e000000-0x000001757e000000, reserved size: 1073741824
Narrow klass base: 0x000001753d000000, Narrow klass shift: 0, Narrow klass range: 0x100000000

GC Precious Log:
 CardTable entry size: 512
 CPUs: 8 total, 8 available
 Memory: 16126M
 Large Page Support: Disabled
 NUMA Support: Disabled
 Compressed Oops: Enabled (32-bit)
 Alignments: Space 512K, Generation 512K, Heap 2M
 Heap Min Capacity: 100M
 Heap Initial Capacity: 100M
 Heap Max Capacity: 2G
 Pre-touch: Disabled
 Parallel Workers: 8

Heap:
 PSYoungGen      total 23552K, used 21454K [0x00000000d5580000, 0x00000000d6f00000, 0x0000000100000000)
  eden space 22016K, 95% used [0x00000000d5580000,0x00000000d6a0b9c0,0x00000000d6b00000)
  from space 1536K, 27% used [0x00000000d6c80000,0x00000000d6ce8000,0x00000000d6e00000)
  to   space 1024K, 0% used [0x00000000d6e00000,0x00000000d6e00000,0x00000000d6f00000)
 ParOldGen       total 68608K, used 19003K [0x0000000080000000, 0x0000000084300000, 0x00000000d5580000)
  object space 68608K, 27% used [0x0000000080000000,0x000000008128ec28,0x0000000084300000)
 Metaspace       used 39857K, committed 40896K, reserved 1114112K
  class space    used 4264K, committed 4672K, reserved 1048576K

Card table byte_map: [0x0000017525a20000,0x0000017525e30000] _byte_map_base: 0x0000017525620000

Marking Bits: (ParMarkBitMap*) 0x00007ffb5a64a340
 Begin Bits: [0x0000017538360000, 0x000001753a360000)
 End Bits:   [0x000001753a360000, 0x000001753c360000)

Polling page: 0x0000017523ea0000

Metaspace:

Usage:
  Non-class:     34.76 MB used.
      Class:      4.16 MB used.
       Both:     38.92 MB used.

Virtual space:
  Non-class space:       64.00 MB reserved,      35.38 MB ( 55%) committed,  1 nodes.
      Class space:        1.00 GB reserved,       4.56 MB ( <1%) committed,  1 nodes.
             Both:        1.06 GB reserved,      39.94 MB (  4%) committed. 

Chunk freelists:
   Non-Class:  11.89 MB
       Class:  11.27 MB
        Both:  23.16 MB

MaxMetaspaceSize: unlimited
CompressedClassSpaceSize: 1.00 GB
Initial GC threshold: 21.00 MB
Current GC threshold: 58.38 MB
CDS: on
 - commit_granule_bytes: 65536.
 - commit_granule_words: 8192.
 - virtual_space_node_default_size: 8388608.
 - enlarge_chunks_in_place: 1.
 - use_allocation_guard: 0.


Internal statistics:

num_allocs_failed_limit: 6.
num_arena_births: 762.
num_arena_deaths: 42.
num_vsnodes_births: 2.
num_vsnodes_deaths: 0.
num_space_committed: 639.
num_space_uncommitted: 0.
num_chunks_returned_to_freelist: 55.
num_chunks_taken_from_freelist: 2505.
num_chunk_merges: 5.
num_chunk_splits: 1565.
num_chunks_enlarged: 967.
num_inconsistent_stats: 0.

CodeHeap 'non-profiled nmethods': size=120000Kb used=2456Kb max_used=2456Kb free=117543Kb
 bounds [0x0000017530e30000, 0x00000175310b0000, 0x0000017538360000]
CodeHeap 'profiled nmethods': size=120000Kb used=9516Kb max_used=9650Kb free=110483Kb
 bounds [0x0000017529360000, 0x0000017529cd0000, 0x0000017530890000]
CodeHeap 'non-nmethods': size=5760Kb used=1367Kb max_used=1431Kb free=4392Kb
 bounds [0x0000017530890000, 0x0000017530b00000, 0x0000017530e30000]
CodeCache: size=245760Kb, used=13339Kb, max_used=13537Kb, free=232418Kb
 total_blobs=5357, nmethods=4706, adapters=557, full_count=0
Compilation: enabled, stopped_count=0, restarted_count=0

Compilation events (20 events):
Event: 14.584 Thread 0x000001753c9546f0 nmethod 5287 0x00000175294c1590 code [0x00000175294c1740, 0x00000175294c18e0]
Event: 14.584 Thread 0x000001753c9546f0 5286       3       java.util.stream.ReduceOps$ReduceOp::evaluateSequential (18 bytes)
Event: 14.585 Thread 0x000001753c9546f0 nmethod 5286 0x00000175294c0e10 code [0x00000175294c1000, 0x00000175294c1480]
Event: 14.585 Thread 0x000001753c9546f0 5288       3       java.util.stream.Collectors$CollectorImpl::<init> (32 bytes)
Event: 14.585 Thread 0x000001753c9546f0 nmethod 5288 0x00000175294c0690 code [0x00000175294c0840, 0x00000175294c0a68]
Event: 14.585 Thread 0x000001753c9546f0 5289       3       org.eclipse.sisu.wire.ElementAnalyzer::isParameters (25 bytes)
Event: 14.586 Thread 0x000001753c9546f0 nmethod 5289 0x0000017529776b10 code [0x0000017529776ce0, 0x0000017529776f90]
Event: 14.587 Thread 0x000001753c9546f0 5290       3       java.util.stream.ReferencePipeline::collect (124 bytes)
Event: 14.588 Thread 0x000001753c9546f0 nmethod 5290 0x0000017529775790 code [0x0000017529775a40, 0x00000175297766d8]
Event: 14.589 Thread 0x000001753c9546f0 5294       3       com.google.inject.spi.Elements::withTrustedSource (29 bytes)
Event: 14.589 Thread 0x000001753c9546f0 nmethod 5294 0x0000017529774d90 code [0x0000017529774fa0, 0x0000017529775588]
Event: 14.589 Thread 0x000001753c9546f0 5291       3       java.util.stream.ReduceOps::makeRef (42 bytes)
Event: 14.590 Thread 0x000001753c9546f0 nmethod 5291 0x0000017529774290 code [0x0000017529774480, 0x0000017529774ac8]
Event: 14.591 Thread 0x000001753c9546f0 5295       3       com.google.inject.internal.MoreTypes::getRawType (141 bytes)
Event: 14.592 Thread 0x000001753c9546f0 nmethod 5295 0x0000017529771f10 code [0x00000175297722c0, 0x0000017529773c10]
Event: 14.593 Thread 0x000001753c9546f0 5296       3       java.lang.reflect.Constructor::hasGenericInformation (13 bytes)
Event: 14.593 Thread 0x000001753c9546f0 nmethod 5296 0x0000017529771b10 code [0x0000017529771cc0, 0x0000017529771e38]
Event: 14.594 Thread 0x000001753c9546f0 5297   !   3       org.eclipse.sisu.wire.DependencyAnalyzer::analyzeImplementation (131 bytes)
Event: 14.596 Thread 0x000001753c9546f0 nmethod 5297 0x00000175295eb490 code [0x00000175295eb7a0, 0x00000175295ec788]
Event: 14.637 Thread 0x000001753c9546f0 5298       3       java.util.concurrent.ConcurrentLinkedQueue::updateHead (26 bytes)

GC Heap History (20 events):
Event: 12.239 GC heap before
{Heap before GC invocations=8 (full 1):
 PSYoungGen      total 29184K, used 4306K [0x00000000d5580000, 0x00000000d7680000, 0x0000000100000000)
  eden space 24576K, 0% used [0x00000000d5580000,0x00000000d5580000,0x00000000d6d80000)
  from space 4608K, 93% used [0x00000000d6d80000,0x00000000d71b4880,0x00000000d7200000)
  to   space 4608K, 0% used [0x00000000d7200000,0x00000000d7200000,0x00000000d7680000)
 ParOldGen       total 68608K, used 9286K [0x0000000080000000, 0x0000000084300000, 0x00000000d5580000)
  object space 68608K, 13% used [0x0000000080000000,0x0000000080911920,0x0000000084300000)
 Metaspace       used 20698K, committed 21504K, reserved 1114112K
  class space    used 2179K, committed 2560K, reserved 1048576K
}
Event: 12.274 GC heap after
{Heap after GC invocations=8 (full 1):
 PSYoungGen      total 29184K, used 0K [0x00000000d5580000, 0x00000000d7680000, 0x0000000100000000)
  eden space 24576K, 0% used [0x00000000d5580000,0x00000000d5580000,0x00000000d6d80000)
  from space 4608K, 0% used [0x00000000d6d80000,0x00000000d6d80000,0x00000000d7200000)
  to   space 4608K, 0% used [0x00000000d7200000,0x00000000d7200000,0x00000000d7680000)
 ParOldGen       total 68608K, used 12863K [0x0000000080000000, 0x0000000084300000, 0x00000000d5580000)
  object space 68608K, 18% used [0x0000000080000000,0x0000000080c8fc88,0x0000000084300000)
 Metaspace       used 20685K, committed 21504K, reserved 1114112K
  class space    used 2176K, committed 2560K, reserved 1048576K
}
Event: 12.550 GC heap before
{Heap before GC invocations=9 (full 1):
 PSYoungGen      total 29184K, used 24576K [0x00000000d5580000, 0x00000000d7680000, 0x0000000100000000)
  eden space 24576K, 100% used [0x00000000d5580000,0x00000000d6d80000,0x00000000d6d80000)
  from space 4608K, 0% used [0x00000000d6d80000,0x00000000d6d80000,0x00000000d7200000)
  to   space 4608K, 0% used [0x00000000d7200000,0x00000000d7200000,0x00000000d7680000)
 ParOldGen       total 68608K, used 12863K [0x0000000080000000, 0x0000000084300000, 0x00000000d5580000)
  object space 68608K, 18% used [0x0000000080000000,0x0000000080c8fc88,0x0000000084300000)
 Metaspace       used 23318K, committed 24128K, reserved 1114112K
  class space    used 2343K, committed 2688K, reserved 1048576K
}
Event: 12.552 GC heap after
{Heap after GC invocations=9 (full 1):
 PSYoungGen      total 24576K, used 276K [0x00000000d5580000, 0x00000000d7280000, 0x0000000100000000)
  eden space 24064K, 0% used [0x00000000d5580000,0x00000000d5580000,0x00000000d6d00000)
  from space 512K, 53% used [0x00000000d7200000,0x00000000d72450e0,0x00000000d7280000)
  to   space 2048K, 0% used [0x00000000d6e80000,0x00000000d6e80000,0x00000000d7080000)
 ParOldGen       total 68608K, used 12871K [0x0000000080000000, 0x0000000084300000, 0x00000000d5580000)
  object space 68608K, 18% used [0x0000000080000000,0x0000000080c91c88,0x0000000084300000)
 Metaspace       used 23318K, committed 24128K, reserved 1114112K
  class space    used 2343K, committed 2688K, reserved 1048576K
}
Event: 12.825 GC heap before
{Heap before GC invocations=10 (full 1):
 PSYoungGen      total 24576K, used 24340K [0x00000000d5580000, 0x00000000d7280000, 0x0000000100000000)
  eden space 24064K, 100% used [0x00000000d5580000,0x00000000d6d00000,0x00000000d6d00000)
  from space 512K, 53% used [0x00000000d7200000,0x00000000d72450e0,0x00000000d7280000)
  to   space 2048K, 0% used [0x00000000d6e80000,0x00000000d6e80000,0x00000000d7080000)
 ParOldGen       total 68608K, used 12871K [0x0000000080000000, 0x0000000084300000, 0x00000000d5580000)
  object space 68608K, 18% used [0x0000000080000000,0x0000000080c91c88,0x0000000084300000)
 Metaspace       used 26093K, committed 26944K, reserved 1114112K
  class space    used 2561K, committed 2944K, reserved 1048576K
}
Event: 12.827 GC heap after
{Heap after GC invocations=10 (full 1):
 PSYoungGen      total 25600K, used 1403K [0x00000000d5580000, 0x00000000d7280000, 0x0000000100000000)
  eden space 23552K, 0% used [0x00000000d5580000,0x00000000d5580000,0x00000000d6c80000)
  from space 2048K, 68% used [0x00000000d6e80000,0x00000000d6fdeda0,0x00000000d7080000)
  to   space 2048K, 0% used [0x00000000d7080000,0x00000000d7080000,0x00000000d7280000)
 ParOldGen       total 68608K, used 13660K [0x0000000080000000, 0x0000000084300000, 0x00000000d5580000)
  object space 68608K, 19% used [0x0000000080000000,0x0000000080d57198,0x0000000084300000)
 Metaspace       used 26093K, committed 26944K, reserved 1114112K
  class space    used 2561K, committed 2944K, reserved 1048576K
}
Event: 13.243 GC heap before
{Heap before GC invocations=11 (full 1):
 PSYoungGen      total 25600K, used 24944K [0x00000000d5580000, 0x00000000d7280000, 0x0000000100000000)
  eden space 23552K, 99% used [0x00000000d5580000,0x00000000d6c7d388,0x00000000d6c80000)
  from space 2048K, 68% used [0x00000000d6e80000,0x00000000d6fdeda0,0x00000000d7080000)
  to   space 2048K, 0% used [0x00000000d7080000,0x00000000d7080000,0x00000000d7280000)
 ParOldGen       total 68608K, used 13660K [0x0000000080000000, 0x0000000084300000, 0x00000000d5580000)
  object space 68608K, 19% used [0x0000000080000000,0x0000000080d57198,0x0000000084300000)
 Metaspace       used 28586K, committed 29504K, reserved 1114112K
  class space    used 2796K, committed 3200K, reserved 1048576K
}
Event: 13.244 GC heap after
{Heap after GC invocations=11 (full 1):
 PSYoungGen      total 25088K, used 2038K [0x00000000d5580000, 0x00000000d7280000, 0x0000000100000000)
  eden space 23040K, 0% used [0x00000000d5580000,0x00000000d5580000,0x00000000d6c00000)
  from space 2048K, 99% used [0x00000000d7080000,0x00000000d727d978,0x00000000d7280000)
  to   space 2560K, 0% used [0x00000000d6d80000,0x00000000d6d80000,0x00000000d7000000)
 ParOldGen       total 68608K, used 13968K [0x0000000080000000, 0x0000000084300000, 0x00000000d5580000)
  object space 68608K, 20% used [0x0000000080000000,0x0000000080da4270,0x0000000084300000)
 Metaspace       used 28586K, committed 29504K, reserved 1114112K
  class space    used 2796K, committed 3200K, reserved 1048576K
}
Event: 13.469 GC heap before
{Heap before GC invocations=12 (full 1):
 PSYoungGen      total 25088K, used 25078K [0x00000000d5580000, 0x00000000d7280000, 0x0000000100000000)
  eden space 23040K, 100% used [0x00000000d5580000,0x00000000d6c00000,0x00000000d6c00000)
  from space 2048K, 99% used [0x00000000d7080000,0x00000000d727d978,0x00000000d7280000)
  to   space 2560K, 0% used [0x00000000d6d80000,0x00000000d6d80000,0x00000000d7000000)
 ParOldGen       total 68608K, used 13968K [0x0000000080000000, 0x0000000084300000, 0x00000000d5580000)
  object space 68608K, 20% used [0x0000000080000000,0x0000000080da4270,0x0000000084300000)
 Metaspace       used 31871K, committed 32768K, reserved 1114112K
  class space    used 3219K, committed 3584K, reserved 1048576K
}
Event: 13.471 GC heap after
{Heap after GC invocations=12 (full 1):
 PSYoungGen      total 24064K, used 1501K [0x00000000d5580000, 0x00000000d7100000, 0x0000000100000000)
  eden space 22528K, 0% used [0x00000000d5580000,0x00000000d5580000,0x00000000d6b80000)
  from space 1536K, 97% used [0x00000000d6d80000,0x00000000d6ef77b8,0x00000000d6f00000)
  to   space 2048K, 0% used [0x00000000d6f00000,0x00000000d6f00000,0x00000000d7100000)
 ParOldGen       total 68608K, used 15960K [0x0000000080000000, 0x0000000084300000, 0x00000000d5580000)
  object space 68608K, 23% used [0x0000000080000000,0x0000000080f96040,0x0000000084300000)
 Metaspace       used 31871K, committed 32768K, reserved 1114112K
  class space    used 3219K, committed 3584K, reserved 1048576K
}
Event: 13.806 GC heap before
{Heap before GC invocations=13 (full 1):
 PSYoungGen      total 24064K, used 24029K [0x00000000d5580000, 0x00000000d7100000, 0x0000000100000000)
  eden space 22528K, 100% used [0x00000000d5580000,0x00000000d6b80000,0x00000000d6b80000)
  from space 1536K, 97% used [0x00000000d6d80000,0x00000000d6ef77b8,0x00000000d6f00000)
  to   space 2048K, 0% used [0x00000000d6f00000,0x00000000d6f00000,0x00000000d7100000)
 ParOldGen       total 68608K, used 15960K [0x0000000080000000, 0x0000000084300000, 0x00000000d5580000)
  object space 68608K, 23% used [0x0000000080000000,0x0000000080f96040,0x0000000084300000)
 Metaspace       used 34686K, committed 35712K, reserved 1114112K
  class space    used 3589K, committed 4032K, reserved 1048576K
}
Event: 13.809 GC heap after
{Heap after GC invocations=13 (full 1):
 PSYoungGen      total 24064K, used 1747K [0x00000000d5580000, 0x00000000d7100000, 0x0000000100000000)
  eden space 22016K, 0% used [0x00000000d5580000,0x00000000d5580000,0x00000000d6b00000)
  from space 2048K, 85% used [0x00000000d6f00000,0x00000000d70b4e20,0x00000000d7100000)
  to   space 2048K, 0% used [0x00000000d6d00000,0x00000000d6d00000,0x00000000d6f00000)
 ParOldGen       total 68608K, used 17149K [0x0000000080000000, 0x0000000084300000, 0x00000000d5580000)
  object space 68608K, 24% used [0x0000000080000000,0x00000000810bf570,0x0000000084300000)
 Metaspace       used 34686K, committed 35712K, reserved 1114112K
  class space    used 3589K, committed 4032K, reserved 1048576K
}
Event: 13.895 GC heap before
{Heap before GC invocations=14 (full 1):
 PSYoungGen      total 24064K, used 3757K [0x00000000d5580000, 0x00000000d7100000, 0x0000000100000000)
  eden space 22016K, 9% used [0x00000000d5580000,0x00000000d57767b8,0x00000000d6b00000)
  from space 2048K, 85% used [0x00000000d6f00000,0x00000000d70b4e20,0x00000000d7100000)
  to   space 2048K, 0% used [0x00000000d6d00000,0x00000000d6d00000,0x00000000d6f00000)
 ParOldGen       total 68608K, used 17149K [0x0000000080000000, 0x0000000084300000, 0x00000000d5580000)
  object space 68608K, 24% used [0x0000000080000000,0x00000000810bf570,0x0000000084300000)
 Metaspace       used 34867K, committed 35840K, reserved 1114112K
  class space    used 3615K, committed 4032K, reserved 1048576K
}
Event: 13.897 GC heap after
{Heap after GC invocations=14 (full 1):
 PSYoungGen      total 22528K, used 192K [0x00000000d5580000, 0x00000000d6f80000, 0x0000000100000000)
  eden space 22016K, 0% used [0x00000000d5580000,0x00000000d5580000,0x00000000d6b00000)
  from space 512K, 37% used [0x00000000d6d00000,0x00000000d6d30000,0x00000000d6d80000)
  to   space 1024K, 0% used [0x00000000d6e80000,0x00000000d6e80000,0x00000000d6f80000)
 ParOldGen       total 68608K, used 18751K [0x0000000080000000, 0x0000000084300000, 0x00000000d5580000)
  object space 68608K, 27% used [0x0000000080000000,0x000000008124fee8,0x0000000084300000)
 Metaspace       used 34867K, committed 35840K, reserved 1114112K
  class space    used 3615K, committed 4032K, reserved 1048576K
}
Event: 13.897 GC heap before
{Heap before GC invocations=15 (full 2):
 PSYoungGen      total 22528K, used 192K [0x00000000d5580000, 0x00000000d6f80000, 0x0000000100000000)
  eden space 22016K, 0% used [0x00000000d5580000,0x00000000d5580000,0x00000000d6b00000)
  from space 512K, 37% used [0x00000000d6d00000,0x00000000d6d30000,0x00000000d6d80000)
  to   space 1024K, 0% used [0x00000000d6e80000,0x00000000d6e80000,0x00000000d6f80000)
 ParOldGen       total 68608K, used 18751K [0x0000000080000000, 0x0000000084300000, 0x00000000d5580000)
  object space 68608K, 27% used [0x0000000080000000,0x000000008124fee8,0x0000000084300000)
 Metaspace       used 34867K, committed 35840K, reserved 1114112K
  class space    used 3615K, committed 4032K, reserved 1048576K
}
Event: 13.936 GC heap after
{Heap after GC invocations=15 (full 2):
 PSYoungGen      total 22528K, used 0K [0x00000000d5580000, 0x00000000d6f80000, 0x0000000100000000)
  eden space 22016K, 0% used [0x00000000d5580000,0x00000000d5580000,0x00000000d6b00000)
  from space 512K, 0% used [0x00000000d6d00000,0x00000000d6d00000,0x00000000d6d80000)
  to   space 1024K, 0% used [0x00000000d6e80000,0x00000000d6e80000,0x00000000d6f80000)
 ParOldGen       total 68608K, used 18251K [0x0000000080000000, 0x0000000084300000, 0x00000000d5580000)
  object space 68608K, 26% used [0x0000000080000000,0x00000000811d2c28,0x0000000084300000)
 Metaspace       used 34842K, committed 35840K, reserved 1114112K
  class space    used 3608K, committed 4032K, reserved 1048576K
}
Event: 14.181 GC heap before
{Heap before GC invocations=16 (full 2):
 PSYoungGen      total 22528K, used 22016K [0x00000000d5580000, 0x00000000d6f80000, 0x0000000100000000)
  eden space 22016K, 100% used [0x00000000d5580000,0x00000000d6b00000,0x00000000d6b00000)
  from space 512K, 0% used [0x00000000d6d00000,0x00000000d6d00000,0x00000000d6d80000)
  to   space 1024K, 0% used [0x00000000d6e80000,0x00000000d6e80000,0x00000000d6f80000)
 ParOldGen       total 68608K, used 18251K [0x0000000080000000, 0x0000000084300000, 0x00000000d5580000)
  object space 68608K, 26% used [0x0000000080000000,0x00000000811d2c28,0x0000000084300000)
 Metaspace       used 36402K, committed 37376K, reserved 1114112K
  class space    used 3824K, committed 4224K, reserved 1048576K
}
Event: 14.183 GC heap after
{Heap after GC invocations=16 (full 2):
 PSYoungGen      total 23040K, used 1008K [0x00000000d5580000, 0x00000000d6f80000, 0x0000000100000000)
  eden space 22016K, 0% used [0x00000000d5580000,0x00000000d5580000,0x00000000d6b00000)
  from space 1024K, 98% used [0x00000000d6e80000,0x00000000d6f7c010,0x00000000d6f80000)
  to   space 1536K, 0% used [0x00000000d6c80000,0x00000000d6c80000,0x00000000d6e00000)
 ParOldGen       total 68608K, used 18259K [0x0000000080000000, 0x0000000084300000, 0x00000000d5580000)
  object space 68608K, 26% used [0x0000000080000000,0x00000000811d4c28,0x0000000084300000)
 Metaspace       used 36402K, committed 37376K, reserved 1114112K
  class space    used 3824K, committed 4224K, reserved 1048576K
}
Event: 14.327 GC heap before
{Heap before GC invocations=17 (full 2):
 PSYoungGen      total 23040K, used 23024K [0x00000000d5580000, 0x00000000d6f80000, 0x0000000100000000)
  eden space 22016K, 100% used [0x00000000d5580000,0x00000000d6b00000,0x00000000d6b00000)
  from space 1024K, 98% used [0x00000000d6e80000,0x00000000d6f7c010,0x00000000d6f80000)
  to   space 1536K, 0% used [0x00000000d6c80000,0x00000000d6c80000,0x00000000d6e00000)
 ParOldGen       total 68608K, used 18259K [0x0000000080000000, 0x0000000084300000, 0x00000000d5580000)
  object space 68608K, 26% used [0x0000000080000000,0x00000000811d4c28,0x0000000084300000)
 Metaspace       used 37374K, committed 38400K, reserved 1114112K
  class space    used 3946K, committed 4352K, reserved 1048576K
}
Event: 14.328 GC heap after
{Heap after GC invocations=17 (full 2):
 PSYoungGen      total 23552K, used 416K [0x00000000d5580000, 0x00000000d6f00000, 0x0000000100000000)
  eden space 22016K, 0% used [0x00000000d5580000,0x00000000d5580000,0x00000000d6b00000)
  from space 1536K, 27% used [0x00000000d6c80000,0x00000000d6ce8000,0x00000000d6e00000)
  to   space 1024K, 0% used [0x00000000d6e00000,0x00000000d6e00000,0x00000000d6f00000)
 ParOldGen       total 68608K, used 19003K [0x0000000080000000, 0x0000000084300000, 0x00000000d5580000)
  object space 68608K, 27% used [0x0000000080000000,0x000000008128ec28,0x0000000084300000)
 Metaspace       used 37374K, committed 38400K, reserved 1114112K
  class space    used 3946K, committed 4352K, reserved 1048576K
}

Dll operation events (10 events):
Event: 0.010 Loaded shared library c:\Users\computer\.vscode\extensions\redhat.java-1.44.0-win32-x64\jre\21.0.8-win32-x86_64\bin\java.dll
Event: 0.073 Loaded shared library c:\Users\computer\.vscode\extensions\redhat.java-1.44.0-win32-x64\jre\21.0.8-win32-x86_64\bin\zip.dll
Event: 0.097 Loaded shared library C:\Users\computer\.vscode\extensions\redhat.java-1.44.0-win32-x64\jre\21.0.8-win32-x86_64\bin\instrument.dll
Event: 0.101 Loaded shared library C:\Users\computer\.vscode\extensions\redhat.java-1.44.0-win32-x64\jre\21.0.8-win32-x86_64\bin\net.dll
Event: 0.104 Loaded shared library C:\Users\computer\.vscode\extensions\redhat.java-1.44.0-win32-x64\jre\21.0.8-win32-x86_64\bin\nio.dll
Event: 0.108 Loaded shared library C:\Users\computer\.vscode\extensions\redhat.java-1.44.0-win32-x64\jre\21.0.8-win32-x86_64\bin\zip.dll
Event: 0.126 Loaded shared library C:\Users\computer\.vscode\extensions\redhat.java-1.44.0-win32-x64\jre\21.0.8-win32-x86_64\bin\jimage.dll
Event: 0.211 Loaded shared library c:\Users\computer\.vscode\extensions\redhat.java-1.44.0-win32-x64\jre\21.0.8-win32-x86_64\bin\verify.dll
Event: 1.581 Loaded shared library C:\Users\computer\AppData\Roaming\Code\User\globalStorage\redhat.java\1.44.0\config_win\org.eclipse.equinox.launcher\org.eclipse.equinox.launcher.win32.win32.x86_64_1.2.1400.v20250730-1736\eclipse_11913.dll
Event: 11.360 Loaded shared library C:\Users\computer\AppData\Local\Temp\jna--599163109\jna16695431348989742455.dll

Deoptimization events (20 events):
Event: 14.108 Thread 0x000001752616e6b0 DEOPT PACKING pc=0x0000017530f85370 sp=0x00000015dccfdfd0
Event: 14.108 Thread 0x000001752616e6b0 DEOPT UNPACKING pc=0x00000175308e6da2 sp=0x00000015dccfdf60 mode 2
Event: 14.126 Thread 0x000001757f7e2ca0 Uncommon trap: trap_request=0xffffff45 fr.pc=0x0000017531086634 relative=0x00000000000021b4
Event: 14.126 Thread 0x000001757f7e2ca0 Uncommon trap: reason=unstable_if action=reinterpret pc=0x0000017531086634 method=sun.nio.cs.StreamDecoder.implRead([CII)I @ 186 c2
Event: 14.126 Thread 0x000001757f7e2ca0 DEOPT PACKING pc=0x0000017531086634 sp=0x00000015decfdde0
Event: 14.126 Thread 0x000001757f7e2ca0 DEOPT UNPACKING pc=0x00000175308e6da2 sp=0x00000015decfdc50 mode 2
Event: 14.137 Thread 0x000001752616e6b0 Uncommon trap: trap_request=0xffffff45 fr.pc=0x0000017530f912a8 relative=0x00000000000000e8
Event: 14.137 Thread 0x000001752616e6b0 Uncommon trap: reason=unstable_if action=reinterpret pc=0x0000017530f912a8 method=java.lang.CharacterDataLatin1.digit(II)I @ 7 c2
Event: 14.137 Thread 0x000001752616e6b0 DEOPT PACKING pc=0x0000017530f912a8 sp=0x00000015dccfe180
Event: 14.137 Thread 0x000001752616e6b0 DEOPT UNPACKING pc=0x00000175308e6da2 sp=0x00000015dccfe040 mode 2
Event: 14.137 Thread 0x000001752616e6b0 Uncommon trap: trap_request=0xffffff45 fr.pc=0x0000017530e6a8c8 relative=0x00000000000000a8
Event: 14.137 Thread 0x000001752616e6b0 Uncommon trap: reason=unstable_if action=reinterpret pc=0x0000017530e6a8c8 method=java.lang.CharacterDataLatin1.digit(II)I @ 7 c2
Event: 14.137 Thread 0x000001752616e6b0 DEOPT PACKING pc=0x0000017530e6a8c8 sp=0x00000015dccfe0e0
Event: 14.137 Thread 0x000001752616e6b0 DEOPT UNPACKING pc=0x00000175308e6da2 sp=0x00000015dccfe060 mode 2
Event: 14.141 Thread 0x000001752616e6b0 Uncommon trap: trap_request=0xffffff45 fr.pc=0x0000017530fd4a60 relative=0x0000000000000720
Event: 14.141 Thread 0x000001752616e6b0 Uncommon trap: reason=unstable_if action=reinterpret pc=0x0000017530fd4a60 method=java.util.regex.Pattern$BmpCharPropertyGreedy.match(Ljava/util/regex/Matcher;ILjava/lang/CharSequence;)Z @ 12 c2
Event: 14.141 Thread 0x000001752616e6b0 DEOPT PACKING pc=0x0000017530fd4a60 sp=0x00000015dccfdac0
Event: 14.141 Thread 0x000001752616e6b0 DEOPT UNPACKING pc=0x00000175308e6da2 sp=0x00000015dccfd9a8 mode 2
Event: 14.173 Thread 0x000001757f7e2ca0 DEOPT PACKING pc=0x0000017529969053 sp=0x00000015decfddc0
Event: 14.173 Thread 0x000001757f7e2ca0 DEOPT UNPACKING pc=0x00000175308e78e2 sp=0x00000015decfd230 mode 0

Classes loaded (20 events):
Event: 14.159 Loading class jdk/internal/access/JavaIOPrintWriterAccess done
Event: 14.159 Loading class java/io/PrintWriter$1 done
Event: 14.160 Loading class java/time/format/DateTimeParseContext
Event: 14.160 Loading class java/time/format/DateTimeParseContext done
Event: 14.161 Loading class java/time/format/Parsed
Event: 14.161 Loading class java/time/format/Parsed done
Event: 14.313 Loading class sun/reflect/annotation/AnnotatedTypeFactory$AnnotatedParameterizedTypeImpl
Event: 14.313 Loading class java/lang/reflect/AnnotatedParameterizedType
Event: 14.313 Loading class java/lang/reflect/AnnotatedParameterizedType done
Event: 14.313 Loading class sun/reflect/annotation/AnnotatedTypeFactory$AnnotatedParameterizedTypeImpl done
Event: 14.427 Loading class sun/reflect/generics/scope/ConstructorScope
Event: 14.428 Loading class sun/reflect/generics/scope/ConstructorScope done
Event: 14.428 Loading class sun/reflect/generics/tree/VoidDescriptor
Event: 14.428 Loading class sun/reflect/generics/tree/VoidDescriptor done
Event: 14.482 Loading class java/util/concurrent/CompletionService
Event: 14.482 Loading class java/util/concurrent/CompletionService done
Event: 14.520 Loading class java/nio/channels/ServerSocketChannel
Event: 14.520 Loading class java/nio/channels/ServerSocketChannel done
Event: 14.569 Loading class sun/reflect/generics/repository/FieldRepository
Event: 14.569 Loading class sun/reflect/generics/repository/FieldRepository done

Classes unloaded (20 events):
Event: 12.244 Thread 0x0000017523bb3bf0 Unloading class 0x000001753e1b2400 'java/lang/invoke/LambdaForm$MH+0x000001753e1b2400'
Event: 12.244 Thread 0x0000017523bb3bf0 Unloading class 0x000001753e1b2000 'java/lang/invoke/LambdaForm$MH+0x000001753e1b2000'
Event: 12.244 Thread 0x0000017523bb3bf0 Unloading class 0x000001753e1b1c00 'java/lang/invoke/LambdaForm$MH+0x000001753e1b1c00'
Event: 12.244 Thread 0x0000017523bb3bf0 Unloading class 0x000001753e1b1800 'java/lang/invoke/LambdaForm$BMH+0x000001753e1b1800'
Event: 12.244 Thread 0x0000017523bb3bf0 Unloading class 0x000001753e1b1400 'java/lang/invoke/LambdaForm$DMH+0x000001753e1b1400'
Event: 12.244 Thread 0x0000017523bb3bf0 Unloading class 0x000001753e1b0000 'java/lang/invoke/LambdaForm$DMH+0x000001753e1b0000'
Event: 13.904 Thread 0x0000017523bb3bf0 Unloading class 0x000001753e31b800 'java/lang/invoke/LambdaForm$MH+0x000001753e31b800'
Event: 13.904 Thread 0x0000017523bb3bf0 Unloading class 0x000001753e31b000 'java/lang/invoke/LambdaForm$MH+0x000001753e31b000'
Event: 13.904 Thread 0x0000017523bb3bf0 Unloading class 0x000001753e31a800 'java/lang/invoke/LambdaForm$MH+0x000001753e31a800'
Event: 13.904 Thread 0x0000017523bb3bf0 Unloading class 0x000001753e31a400 'java/lang/invoke/LambdaForm$DMH+0x000001753e31a400'
Event: 13.904 Thread 0x0000017523bb3bf0 Unloading class 0x000001753e319800 'java/lang/invoke/LambdaForm$MH+0x000001753e319800'
Event: 13.904 Thread 0x0000017523bb3bf0 Unloading class 0x000001753e315800 'java/lang/invoke/LambdaForm$MH+0x000001753e315800'
Event: 13.904 Thread 0x0000017523bb3bf0 Unloading class 0x000001753e315400 'java/lang/invoke/LambdaForm$MH+0x000001753e315400'
Event: 13.904 Thread 0x0000017523bb3bf0 Unloading class 0x000001753e314800 'java/lang/invoke/LambdaForm$MH+0x000001753e314800'
Event: 13.904 Thread 0x0000017523bb3bf0 Unloading class 0x000001753e314400 'java/lang/invoke/LambdaForm$MH+0x000001753e314400'
Event: 13.904 Thread 0x0000017523bb3bf0 Unloading class 0x000001753e313c00 'java/lang/invoke/LambdaForm$MH+0x000001753e313c00'
Event: 13.904 Thread 0x0000017523bb3bf0 Unloading class 0x000001753e313000 'java/lang/invoke/LambdaForm$MH+0x000001753e313000'
Event: 13.904 Thread 0x0000017523bb3bf0 Unloading class 0x000001753e312800 'java/lang/invoke/LambdaForm$MH+0x000001753e312800'
Event: 13.904 Thread 0x0000017523bb3bf0 Unloading class 0x000001753e312400 'java/lang/invoke/LambdaForm$MH+0x000001753e312400'
Event: 13.904 Thread 0x0000017523bb3bf0 Unloading class 0x000001753e310c00 'java/lang/invoke/LambdaForm$DMH+0x000001753e310c00'

Classes redefined (0 events):
No events

Internal exceptions (20 events):
Event: 13.232 Thread 0x000001757f7e2ca0 Exception <a 'java/lang/NoSuchMethodError'{0x00000000d6b1e468}: 'int java.lang.invoke.Invokers$Holder.linkToTargetMethod(java.lang.Object, java.lang.Object)'> (0x00000000d6b1e468) 
thrown [s\src\hotspot\share\interpreter\linkResolver.cpp, line 773]
Event: 13.233 Thread 0x000001757f7e5400 Exception <a 'java/lang/NoSuchMethodError'{0x00000000d6b37238}: 'int java.lang.invoke.DirectMethodHandle$Holder.invokeSpecial(java.lang.Object, java.lang.Object, java.lang.Object, java.lang.Object)'> (0x00000000d6b37238) 
thrown [s\src\hotspot\share\interpreter\linkResolver.cpp, line 773]
Event: 13.235 Thread 0x000001757f7e5400 Exception <a 'java/lang/NoSuchMethodError'{0x00000000d6b567e8}: 'java.lang.Object java.lang.invoke.DirectMethodHandle$Holder.invokeStatic(java.lang.Object, int, java.lang.Object, java.lang.Object)'> (0x00000000d6b567e8) 
thrown [s\src\hotspot\share\interpreter\linkResolver.cpp, line 773]
Event: 13.235 Thread 0x000001757f7e5400 Exception <a 'java/lang/NoSuchMethodError'{0x00000000d6b6b7e0}: 'java.lang.Object java.lang.invoke.DelegatingMethodHandle$Holder.delegate(java.lang.Object, int, java.lang.Object, java.lang.Object)'> (0x00000000d6b6b7e0) 
thrown [s\src\hotspot\share\interpreter\linkResolver.cpp, line 773]
Event: 13.238 Thread 0x000001757f7e5400 Exception <a 'java/lang/NoSuchMethodError'{0x00000000d6c03730}: 'int java.lang.invoke.Invokers$Holder.linkToTargetMethod(java.lang.Object, java.lang.Object, java.lang.Object)'> (0x00000000d6c03730) 
thrown [s\src\hotspot\share\interpreter\linkResolver.cpp, line 773]
Event: 13.277 Thread 0x000001757f7e2ca0 Exception <a 'java/lang/NoSuchMethodError'{0x00000000d5802bd8}: 'java.lang.Object java.lang.invoke.DirectMethodHandle$Holder.invokeSpecialIFC(java.lang.Object, java.lang.Object, java.lang.Object, java.lang.Object)'> (0x00000000d5802bd8) 
thrown [s\src\hotspot\share\interpreter\linkResolver.cpp, line 773]
Event: 13.298 Thread 0x00000175042e8c90 Exception <a 'java/lang/ClassNotFoundException'{0x00000000d57ac758}: com/sun/org/apache/xml/internal/serializer/spi/XMLEntitiesProvider> (0x00000000d57ac758) 
thrown [s\src\hotspot\share\classfile\systemDictionary.cpp, line 312]
Event: 13.384 Thread 0x00000175042e8c90 Exception <a 'java/io/FileNotFoundException'{0x00000000d610e590}> (0x00000000d610e590) 
thrown [s\src\hotspot\share\prims\jni.cpp, line 520]
Event: 13.400 Thread 0x00000175042e8c90 Exception <a 'java/lang/UnsatisfiedLinkError'{0x00000000d635f748}: The specified procedure could not be found.
> (0x00000000d635f748) 
thrown [s\src\hotspot\share\prims\jni.cpp, line 539]
Event: 13.409 Thread 0x00000175042e8c90 Exception <a 'java/io/FileNotFoundException'{0x00000000d63774f8}> (0x00000000d63774f8) 
thrown [s\src\hotspot\share\prims\jni.cpp, line 520]
Event: 13.416 Thread 0x00000175042e8c90 Exception <a 'java/io/FileNotFoundException'{0x00000000d64d6408}> (0x00000000d64d6408) 
thrown [s\src\hotspot\share\prims\jni.cpp, line 520]
Event: 13.421 Thread 0x00000175042e8c90 Exception <a 'java/lang/UnsatisfiedLinkError'{0x00000000d658c270}: The specified procedure could not be found.
> (0x00000000d658c270) 
thrown [s\src\hotspot\share\prims\jni.cpp, line 539]
Event: 13.482 Thread 0x000001757f7e5a90 Exception <a 'java/lang/NoSuchMethodError'{0x00000000d580fcc0}: 'void java.lang.invoke.DirectMethodHandle$Holder.invokeStaticInit(java.lang.Object, java.lang.Object, java.lang.Object, java.lang.Object)'> (0x00000000d580fcc0) 
thrown [s\src\hotspot\share\interpreter\linkResolver.cpp, line 773]
Event: 13.558 Thread 0x000001752616e6b0 Exception <a 'java/lang/NoSuchMethodError'{0x00000000d608afb0}: 'java.lang.Object java.lang.invoke.DirectMethodHandle$Holder.invokeStatic(java.lang.Object, long, java.lang.Object)'> (0x00000000d608afb0) 
thrown [s\src\hotspot\share\interpreter\linkResolver.cpp, line 773]
Event: 13.559 Thread 0x000001752616e6b0 Exception <a 'java/lang/NoSuchMethodError'{0x00000000d608e868}: 'java.lang.Object java.lang.invoke.DirectMethodHandle$Holder.invokeStaticInit(java.lang.Object, long, java.lang.Object)'> (0x00000000d608e868) 
thrown [s\src\hotspot\share\interpreter\linkResolver.cpp, line 773]
Event: 13.561 Thread 0x000001752616e6b0 Exception <a 'java/lang/NoSuchMethodError'{0x00000000d60b16f0}: 'java.lang.Object java.lang.invoke.DirectMethodHandle$Holder.newInvokeSpecial(java.lang.Object, long)'> (0x00000000d60b16f0) 
thrown [s\src\hotspot\share\interpreter\linkResolver.cpp, line 773]
Event: 13.771 Thread 0x000001757f7e2ca0 Exception <a 'java/lang/NoClassDefFoundError'{0x00000000d6a26f08}: javax/enterprise/inject/Typed> (0x00000000d6a26f08) 
thrown [s\src\hotspot\share\classfile\systemDictionary.cpp, line 301]
Event: 14.106 Thread 0x000001752616e6b0 Exception <a 'java/lang/NoSuchMethodError'{0x00000000d62f52d0}: 'void java.lang.invoke.DirectMethodHandle$Holder.invokeSpecial(java.lang.Object, java.lang.Object, java.lang.Object, java.lang.Object, java.lang.Object, java.lang.Object)'> (0x00000000d62f52d0) 
thrown [s\src\hotspot\share\interpreter\linkResolver.cpp, line 773]
Event: 14.108 Thread 0x000001752616e6b0 Exception <a 'java/lang/IncompatibleClassChangeError'{0x00000000d6317188}: Found class java.lang.Object, but interface was expected> (0x00000000d6317188) 
thrown [s\src\hotspot\share\interpreter\linkResolver.cpp, line 840]
Event: 14.109 Thread 0x000001752616e6b0 Exception <a 'java/lang/IncompatibleClassChangeError'{0x00000000d6318f10}: Found class java.lang.Object, but interface was expected> (0x00000000d6318f10) 
thrown [s\src\hotspot\share\interpreter\linkResolver.cpp, line 840]

ZGC Phase Switch (0 events):
No events

VM Operations (20 events):
Event: 13.334 Executing VM operation: HandshakeAllThreads (Deoptimize)
Event: 13.335 Executing VM operation: HandshakeAllThreads (Deoptimize) done
Event: 13.469 Executing VM operation: ParallelGCFailedAllocation (Allocation Failure)
Event: 13.471 Executing VM operation: ParallelGCFailedAllocation (Allocation Failure) done
Event: 13.754 Executing VM operation: HandshakeAllThreads (Deoptimize)
Event: 13.754 Executing VM operation: HandshakeAllThreads (Deoptimize) done
Event: 13.806 Executing VM operation: ParallelGCFailedAllocation (Allocation Failure)
Event: 13.809 Executing VM operation: ParallelGCFailedAllocation (Allocation Failure) done
Event: 13.877 Executing VM operation: CollectForMetadataAllocation (Metadata GC Threshold)
Event: 13.937 Executing VM operation: CollectForMetadataAllocation (Metadata GC Threshold) done
Event: 14.181 Executing VM operation: ParallelGCFailedAllocation (Allocation Failure)
Event: 14.183 Executing VM operation: ParallelGCFailedAllocation (Allocation Failure) done
Event: 14.327 Executing VM operation: ParallelGCFailedAllocation (Allocation Failure)
Event: 14.328 Executing VM operation: ParallelGCFailedAllocation (Allocation Failure) done
Event: 14.355 Executing VM operation: HandshakeAllThreads (Deoptimize)
Event: 14.355 Executing VM operation: HandshakeAllThreads (Deoptimize) done
Event: 14.461 Executing VM operation: HandshakeAllThreads (Deoptimize)
Event: 14.461 Executing VM operation: HandshakeAllThreads (Deoptimize) done
Event: 15.465 Executing VM operation: Cleanup
Event: 15.465 Executing VM operation: Cleanup done

Memory protections (0 events):
No events

Nmethod flushes (20 events):
Event: 13.914 Thread 0x0000017523bb3bf0 flushing  nmethod 0x00000175299c4490
Event: 13.914 Thread 0x0000017523bb3bf0 flushing  nmethod 0x00000175299c4d90
Event: 13.914 Thread 0x0000017523bb3bf0 flushing  nmethod 0x00000175299c5f90
Event: 13.914 Thread 0x0000017523bb3bf0 flushing  nmethod 0x00000175299c6790
Event: 13.914 Thread 0x0000017523bb3bf0 flushing  nmethod 0x00000175299c8890
Event: 13.914 Thread 0x0000017523bb3bf0 flushing  nmethod 0x00000175299c9190
Event: 13.914 Thread 0x0000017523bb3bf0 flushing  nmethod 0x00000175299ca690
Event: 13.914 Thread 0x0000017523bb3bf0 flushing  nmethod 0x00000175299cb090
Event: 13.914 Thread 0x0000017523bb3bf0 flushing  nmethod 0x00000175299cbc10
Event: 13.914 Thread 0x0000017523bb3bf0 flushing  nmethod 0x00000175299cc110
Event: 13.914 Thread 0x0000017523bb3bf0 flushing  nmethod 0x00000175299cd090
Event: 13.914 Thread 0x0000017523bb3bf0 flushing  nmethod 0x0000017529a27290
Event: 13.914 Thread 0x0000017523bb3bf0 flushing  nmethod 0x0000017529a2e910
Event: 13.914 Thread 0x0000017523bb3bf0 flushing  nmethod 0x0000017529a39590
Event: 13.914 Thread 0x0000017523bb3bf0 flushing  nmethod 0x0000017529a48c90
Event: 13.914 Thread 0x0000017523bb3bf0 flushing  nmethod 0x0000017529a7df90
Event: 13.914 Thread 0x0000017523bb3bf0 flushing  nmethod 0x0000017529aa5490
Event: 13.914 Thread 0x0000017523bb3bf0 flushing  nmethod 0x0000017529aba590
Event: 13.914 Thread 0x0000017523bb3bf0 flushing  nmethod 0x0000017529abaf10
Event: 13.914 Thread 0x0000017523bb3bf0 flushing  nmethod 0x0000017529ae3110

Events (20 events):
Event: 12.630 Thread 0x000001750400d6c0 Thread exited: 0x000001750400d6c0
Event: 12.822 Thread 0x000001753c9546f0 Thread added: 0x00000175041ebc30
Event: 13.119 Thread 0x00000175042e8c90 Thread added: 0x000001757f7e39c0
Event: 13.219 Thread 0x000001757f7e5400 Thread added: 0x000001757f7e4050
Event: 13.267 Thread 0x000001753c9546f0 Thread added: 0x0000017505754730
Event: 13.343 Thread 0x000001757f7e4050 Thread added: 0x000001757f7e5a90
Event: 13.453 Thread 0x000001757f7e5a90 Thread added: 0x000001757f7e6120
Event: 13.499 Thread 0x000001757f7e6120 Thread added: 0x000001757f7e3330
Event: 13.590 Thread 0x000001752616e6b0 Thread added: 0x0000017505803fb0
Event: 13.592 Thread 0x000001752616e6b0 Thread added: 0x0000017505802570
Event: 13.592 Thread 0x000001752616e6b0 Thread added: 0x0000017505805360
Event: 13.592 Thread 0x000001752616e6b0 Thread added: 0x0000017505803920
Event: 13.592 Thread 0x000001752616e6b0 Thread added: 0x0000017505801ee0
Event: 13.592 Thread 0x000001752616e6b0 Thread added: 0x0000017505804640
Event: 13.593 Thread 0x000001752616e6b0 Thread added: 0x0000017505804cd0
Event: 13.593 Thread 0x000001752616e6b0 Thread added: 0x00000175058059f0
Event: 13.593 Thread 0x000001752616e6b0 Thread added: 0x0000017505806080
Event: 13.669 Thread 0x000001752616e6b0 Thread added: 0x0000017505802c00
Event: 14.133 Thread 0x000001752616e6b0 Thread added: 0x0000017505806710
Event: 14.134 Thread 0x000001752616e6b0 Thread added: 0x0000017505803290


Dynamic libraries:
0x00007ff7b65e0000 - 0x00007ff7b65ee000 	c:\Users\computer\.vscode\extensions\redhat.java-1.44.0-win32-x64\jre\21.0.8-win32-x86_64\bin\java.exe
0x00007ffc206a0000 - 0x00007ffc20907000 	C:\WINDOWS\SYSTEM32\ntdll.dll
0x00007ffc1f490000 - 0x00007ffc1f559000 	C:\WINDOWS\System32\KERNEL32.DLL
0x00007ffc1dcd0000 - 0x00007ffc1e0c0000 	C:\WINDOWS\System32\KERNELBASE.dll
0x00007ffc1d8c0000 - 0x00007ffc1da0b000 	C:\WINDOWS\System32\ucrtbase.dll
0x00007ffc02ef0000 - 0x00007ffc02f0e000 	c:\Users\computer\.vscode\extensions\redhat.java-1.44.0-win32-x64\jre\21.0.8-win32-x86_64\bin\VCRUNTIME140.dll
0x00007ffc02ed0000 - 0x00007ffc02ee8000 	c:\Users\computer\.vscode\extensions\redhat.java-1.44.0-win32-x64\jre\21.0.8-win32-x86_64\bin\jli.dll
0x00007ffc1e8d0000 - 0x00007ffc1ea95000 	C:\WINDOWS\System32\USER32.dll
0x00007ffbfdc10000 - 0x00007ffbfdeaa000 	C:\WINDOWS\WinSxS\amd64_microsoft.windows.common-controls_6595b64144ccf1df_6.0.26100.4768_none_3e0c112ce331287c\COMCTL32.dll
0x00007ffc1d7d0000 - 0x00007ffc1d7f7000 	C:\WINDOWS\System32\win32u.dll
0x00007ffc20000000 - 0x00007ffc200a9000 	C:\WINDOWS\System32\msvcrt.dll
0x00007ffc1f7d0000 - 0x00007ffc1f7fb000 	C:\WINDOWS\System32\GDI32.dll
0x00007ffc1db90000 - 0x00007ffc1dcc8000 	C:\WINDOWS\System32\gdi32full.dll
0x00007ffc1e160000 - 0x00007ffc1e203000 	C:\WINDOWS\System32\msvcp_win.dll
0x00007ffc1e6b0000 - 0x00007ffc1e6df000 	C:\WINDOWS\System32\IMM32.DLL
0x00007ffc02ec0000 - 0x00007ffc02ecc000 	c:\Users\computer\.vscode\extensions\redhat.java-1.44.0-win32-x64\jre\21.0.8-win32-x86_64\bin\vcruntime140_1.dll
0x00007ffc01270000 - 0x00007ffc012fd000 	c:\Users\computer\.vscode\extensions\redhat.java-1.44.0-win32-x64\jre\21.0.8-win32-x86_64\bin\msvcp140.dll
0x00007ffb59990000 - 0x00007ffb5a727000 	c:\Users\computer\.vscode\extensions\redhat.java-1.44.0-win32-x64\jre\21.0.8-win32-x86_64\bin\server\jvm.dll
0x00007ffc1f3a0000 - 0x00007ffc1f454000 	C:\WINDOWS\System32\ADVAPI32.dll
0x00007ffc1e430000 - 0x00007ffc1e4d6000 	C:\WINDOWS\System32\sechost.dll
0x00007ffc1f5f0000 - 0x00007ffc1f708000 	C:\WINDOWS\System32\RPCRT4.dll
0x00007ffc1f560000 - 0x00007ffc1f5d4000 	C:\WINDOWS\System32\WS2_32.dll
0x00007ffc1d630000 - 0x00007ffc1d68e000 	C:\WINDOWS\SYSTEM32\POWRPROF.dll
0x00007ffc12d30000 - 0x00007ffc12d65000 	C:\WINDOWS\SYSTEM32\WINMM.dll
0x00007ffc0b4f0000 - 0x00007ffc0b4fb000 	C:\WINDOWS\SYSTEM32\VERSION.dll
0x00007ffc1d610000 - 0x00007ffc1d624000 	C:\WINDOWS\SYSTEM32\UMPDC.dll
0x00007ffc1c510000 - 0x00007ffc1c52b000 	C:\WINDOWS\SYSTEM32\kernel.appcore.dll
0x00007ffc02eb0000 - 0x00007ffc02eba000 	c:\Users\computer\.vscode\extensions\redhat.java-1.44.0-win32-x64\jre\21.0.8-win32-x86_64\bin\jimage.dll
0x00007ffc1adc0000 - 0x00007ffc1b001000 	C:\WINDOWS\SYSTEM32\DBGHELP.DLL
0x00007ffc202a0000 - 0x00007ffc20625000 	C:\WINDOWS\System32\combase.dll
0x00007ffc200b0000 - 0x00007ffc20190000 	C:\WINDOWS\System32\OLEAUT32.dll
0x00007ffc07660000 - 0x00007ffc076a3000 	C:\WINDOWS\SYSTEM32\dbgcore.DLL
0x00007ffc1e210000 - 0x00007ffc1e2a9000 	C:\WINDOWS\System32\bcryptPrimitives.dll
0x00007ffc02ea0000 - 0x00007ffc02eaf000 	c:\Users\computer\.vscode\extensions\redhat.java-1.44.0-win32-x64\jre\21.0.8-win32-x86_64\bin\instrument.dll
0x00007ffc02e80000 - 0x00007ffc02e9f000 	c:\Users\computer\.vscode\extensions\redhat.java-1.44.0-win32-x64\jre\21.0.8-win32-x86_64\bin\java.dll
0x00007ffc1ec50000 - 0x00007ffc1f39d000 	C:\WINDOWS\System32\SHELL32.dll
0x00007ffc1da10000 - 0x00007ffc1db83000 	C:\WINDOWS\System32\wintypes.dll
0x00007ffc1b370000 - 0x00007ffc1bbcf000 	C:\WINDOWS\SYSTEM32\windows.storage.dll
0x00007ffc1e740000 - 0x00007ffc1e835000 	C:\WINDOWS\System32\SHCORE.dll
0x00007ffc1f800000 - 0x00007ffc1f86a000 	C:\WINDOWS\System32\shlwapi.dll
0x00007ffc1d6f0000 - 0x00007ffc1d719000 	C:\WINDOWS\SYSTEM32\profapi.dll
0x00007ffc02da0000 - 0x00007ffc02db8000 	c:\Users\computer\.vscode\extensions\redhat.java-1.44.0-win32-x64\jre\21.0.8-win32-x86_64\bin\zip.dll
0x00007ffc02d90000 - 0x00007ffc02da0000 	C:\Users\computer\.vscode\extensions\redhat.java-1.44.0-win32-x64\jre\21.0.8-win32-x86_64\bin\net.dll
0x00007ffc12380000 - 0x00007ffc1249e000 	C:\WINDOWS\SYSTEM32\WINHTTP.dll
0x00007ffc1ca80000 - 0x00007ffc1caeb000 	C:\WINDOWS\system32\mswsock.dll
0x00007ffc02a20000 - 0x00007ffc02a36000 	C:\Users\computer\.vscode\extensions\redhat.java-1.44.0-win32-x64\jre\21.0.8-win32-x86_64\bin\nio.dll
0x00007ffc02d80000 - 0x00007ffc02d90000 	c:\Users\computer\.vscode\extensions\redhat.java-1.44.0-win32-x64\jre\21.0.8-win32-x86_64\bin\verify.dll
0x00007ffc00730000 - 0x00007ffc00775000 	C:\Users\computer\AppData\Roaming\Code\User\globalStorage\redhat.java\1.44.0\config_win\org.eclipse.equinox.launcher\org.eclipse.equinox.launcher.win32.win32.x86_64_1.2.1400.v20250730-1736\eclipse_11913.dll
0x00007ffc1eaa0000 - 0x00007ffc1ec40000 	C:\WINDOWS\System32\ole32.dll
0x00007ffc1ce60000 - 0x00007ffc1ce7b000 	C:\WINDOWS\SYSTEM32\CRYPTSP.dll
0x00007ffc1c470000 - 0x00007ffc1c4ab000 	C:\WINDOWS\system32\rsaenh.dll
0x00007ffc1cb20000 - 0x00007ffc1cb4b000 	C:\WINDOWS\SYSTEM32\USERENV.dll
0x00007ffc1d6c0000 - 0x00007ffc1d6e6000 	C:\WINDOWS\SYSTEM32\bcrypt.dll
0x00007ffc1ccc0000 - 0x00007ffc1cccc000 	C:\WINDOWS\SYSTEM32\CRYPTBASE.dll
0x00007ffc1bfb0000 - 0x00007ffc1bfe3000 	C:\WINDOWS\SYSTEM32\IPHLPAPI.DLL
0x00007ffc1f7c0000 - 0x00007ffc1f7ca000 	C:\WINDOWS\System32\NSI.dll
0x00007ffbe6cd0000 - 0x00007ffbe6d19000 	C:\Users\computer\AppData\Local\Temp\jna--599163109\jna16695431348989742455.dll
0x00007ffc20650000 - 0x00007ffc20658000 	C:\WINDOWS\System32\PSAPI.DLL
0x00007ffc126f0000 - 0x00007ffc1270f000 	C:\WINDOWS\SYSTEM32\dhcpcsvc6.DLL
0x00007ffc126a0000 - 0x00007ffc126c5000 	C:\WINDOWS\SYSTEM32\dhcpcsvc.DLL

JVMTI agents:
c:\Users\computer\.vscode\extensions\redhat.java-1.44.0-win32-x64\lombok\lombok-1.18.39-4050.jar path:c:\Users\computer\.vscode\extensions\redhat.java-1.44.0-win32-x64\jre\21.0.8-win32-x86_64\bin\instrument.dll, loaded, initialized, instrumentlib options:none

dbghelp: loaded successfully - version: 4.0.5 - missing functions: none
symbol engine: initialized successfully - sym options: 0x614 - pdb path: .;c:\Users\computer\.vscode\extensions\redhat.java-1.44.0-win32-x64\jre\21.0.8-win32-x86_64\bin;C:\WINDOWS\SYSTEM32;C:\WINDOWS\WinSxS\amd64_microsoft.windows.common-controls_6595b64144ccf1df_6.0.26100.4768_none_3e0c112ce331287c;c:\Users\computer\.vscode\extensions\redhat.java-1.44.0-win32-x64\jre\21.0.8-win32-x86_64\bin\server;C:\Users\computer\AppData\Roaming\Code\User\globalStorage\redhat.java\1.44.0\config_win\org.eclipse.equinox.launcher\org.eclipse.equinox.launcher.win32.win32.x86_64_1.2.1400.v20250730-1736;C:\Users\computer\AppData\Local\Temp\jna--599163109

VM Arguments:
jvm_args: --add-modules=ALL-SYSTEM --add-opens=java.base/java.util=ALL-UNNAMED --add-opens=java.base/java.lang=ALL-UNNAMED --add-opens=java.base/sun.nio.fs=ALL-UNNAMED -Declipse.application=org.eclipse.jdt.ls.core.id1 -Dosgi.bundles.defaultStartLevel=4 -Declipse.product=org.eclipse.jdt.ls.core.product -Djava.import.generatesMetadataFilesAtProjectRoot=false -DDetectVMInstallationsJob.disabled=true -Dfile.encoding=utf8 -XX:+UseParallelGC -XX:GCTimeRatio=4 -XX:AdaptiveSizePolicyWeight=90 -Dsun.zip.disableMemoryMapping=true -Xmx2G -Xms100m -Xlog:disable -javaagent:c:\Users\computer\.vscode\extensions\redhat.java-1.44.0-win32-x64\lombok\lombok-1.18.39-4050.jar -XX:+HeapDumpOnOutOfMemoryError -XX:HeapDumpPath=c:\Users\computer\AppData\Roaming\Code\User\workspaceStorage\31e75b9e378fb8a6c1884b0d7f92490a\redhat.java -Daether.dependencyCollector.impl=bf 
java_command: c:\Users\computer\.vscode\extensions\redhat.java-1.44.0-win32-x64\server\plugins\org.eclipse.equinox.launcher_1.7.0.v20250519-0528.jar -configuration c:\Users\computer\AppData\Roaming\Code\User\globalStorage\redhat.java\1.44.0\config_win -data c:\Users\computer\AppData\Roaming\Code\User\workspaceStorage\31e75b9e378fb8a6c1884b0d7f92490a\redhat.java\jdt_ws --pipe=\\.\pipe\lsp-d14b3c53ea9ed56db9b96de62c586be5-sock
java_class_path (initial): c:\Users\computer\.vscode\extensions\redhat.java-1.44.0-win32-x64\server\plugins\org.eclipse.equinox.launcher_1.7.0.v20250519-0528.jar
Launcher Type: SUN_STANDARD

[Global flags]
    uintx AdaptiveSizePolicyWeight                 = 90                                        {product} {command line}
     intx CICompilerCount                          = 4                                         {product} {ergonomic}
    uintx GCTimeRatio                              = 4                                         {product} {command line}
     bool HeapDumpOnOutOfMemoryError               = true                                   {manageable} {command line}
    ccstr HeapDumpPath                             = c:\Users\computer\AppData\Roaming\Code\User\workspaceStorage\31e75b9e378fb8a6c1884b0d7f92490a\redhat.java         {manageable} {command line}
   size_t InitialHeapSize                          = 104857600                                 {product} {command line}
   size_t MaxHeapSize                              = 2147483648                                {product} {command line}
   size_t MaxNewSize                               = 715653120                                 {product} {ergonomic}
   size_t MinHeapDeltaBytes                        = 524288                                    {product} {ergonomic}
   size_t MinHeapSize                              = 104857600                                 {product} {command line}
   size_t NewSize                                  = 34603008                                  {product} {ergonomic}
    uintx NonNMethodCodeHeapSize                   = 5839372                                {pd product} {ergonomic}
    uintx NonProfiledCodeHeapSize                  = 122909434                              {pd product} {ergonomic}
   size_t OldSize                                  = 70254592                                  {product} {ergonomic}
    uintx ProfiledCodeHeapSize                     = 122909434                              {pd product} {ergonomic}
    uintx ReservedCodeCacheSize                    = 251658240                              {pd product} {ergonomic}
     bool SegmentedCodeCache                       = true                                      {product} {ergonomic}
   size_t SoftMaxHeapSize                          = 2147483648                             {manageable} {ergonomic}
     bool UseCompressedOops                        = true                           {product lp64_product} {ergonomic}
     bool UseLargePagesIndividualAllocation        = false                                  {pd product} {ergonomic}
     bool UseParallelGC                            = true                                      {product} {command line}

Logging:
Log output configuration:
 #0: stdout all=off uptime,level,tags foldmultilines=false
 #1: stderr all=off uptime,level,tags foldmultilines=false

Environment Variables:
JAVA_HOME=D:\JDK
PATH=D:\SQLiteDatabaseBrowserPortable;C:\Python313\Scripts\;C:\Python313\;C:\MinGW64\bin;D:\JDK\bin;C:\Program Files\Common Files\Oracle\Java\javapath;C:\WINDOWS\system32;C:\WINDOWS;C:\WINDOWS\System32\Wbem;C:\WINDOWS\System32\WindowsPowerShell\v1.0\;C:\WINDOWS\System32\OpenSSH\;C:\Program Files\dotnet\;C:\Program Files (x86)\NVIDIA Corporation\PhysX\Common;C:\MinGW\bin;C:\Program Files\NVIDIA Corporation\NVIDIA app\NvDLISR;D:\Git\cmd;C:\ProgramData\chocolatey\bin;C:\Program Files (x86)\Microsoft SQL Server\160\Tools\Binn\;C:\Program Files\Microsoft SQL Server\160\Tools\Binn\;C:\Program Files\Microsoft SQL Server\Client SDK\ODBC\170\Tools\Binn\;C:\Program Files\Microsoft SQL Server\160\DTS\Binn\;C:\Program Files\Microsoft SQL Server\130\Tools\Binn\;C:\Users\computer\AppData\Local\nvm;C:\nvm4w\nodejs;C:\Program Files\nodejs\;C:\Users\computer\AppData\Roaming\npm;d:\cursor\resources\app\bin;D:\sqlite-tools-win-x64-3500300;;C:\Program Files\Docker\Docker\resources\bin;C:\Program Files\Cloudflare\Cloudflare WARP\;C:\Program Files\MySQL\MySQL Shell 8.0\bin\;C:\Users\computer\.cargo\bin;C:\Users\computer\AppData\Local\Microsoft\WindowsApps;D:\Microsoft VS Code\bin;C:\Users\computer\AppData\Local\Muse Hub\lib;C:\ProgramData\chocolatey\lib\mingw\tools\install\mingw64\bin;C:\Users\computer\AppData\Roaming\npm;C:\Users\computer\AppData\Local\nvm;C:\nvm4w\nodejs;D:\PyCharm 2025.1.2\bin;
USERNAME=computer
OS=Windows_NT
PROCESSOR_IDENTIFIER=Intel64 Family 6 Model 140 Stepping 1, GenuineIntel
TMP=C:\Users\computer\AppData\Local\Temp
TEMP=C:\Users\computer\AppData\Local\Temp




Periodic native trim disabled

---------------  S Y S T E M  ---------------

OS:
 Windows 11 , 64 bit Build 26100 (10.0.26100.4768)
OS uptime: 0 days 6:30 hours
Hyper-V role detected

CPU: total 8 (initial active 8) (4 cores per cpu, 2 threads per core) family 6 model 140 stepping 1 microcode 0xbc, cx8, cmov, fxsr, ht, mmx, 3dnowpref, sse, sse2, sse3, ssse3, sse4.1, sse4.2, popcnt, lzcnt, tsc, tscinvbit, avx, avx2, aes, erms, clmul, bmi1, bmi2, adx, avx512f, avx512dq, avx512cd, avx512bw, avx512vl, sha, fma, vzeroupper, avx512_vpopcntdq, avx512_vpclmulqdq, avx512_vaes, avx512_vnni, clflush, clflushopt, clwb, avx512_vbmi2, avx512_vbmi, hv, rdtscp, rdpid, fsrm, gfni, avx512_bitalg, f16c, cet_ibt, cet_ss, avx512_ifma
Processor Information for the first 8 processors :
  Max Mhz: 1690, Current Mhz: 1690, Mhz Limit: 1690

Memory: 4k page, system-wide physical 16126M (3612M free)
TotalPageFile size 18174M (AvailPageFile size 63M)
current process WorkingSet (physical memory assigned to process): 227M, peak: 227M
current process commit charge ("private bytes"): 348M, peak: 349M

vm_info: OpenJDK 64-Bit Server VM (21.0.8+9-LTS) for windows-amd64 JRE (21.0.8+9-LTS), built on 2025-07-15T00:00:00Z by "admin" with MS VC++ 17.7 (VS2022)

END.
